05:15:25:1525:PM EPAY_POS_GateWay Started at 18/03/2009 05:15:25
05:15:25:1525:PM IP Address = 127.0.0.1
05:15:25:1525:PM Port = 8086
05:15:26:1526:PM Fail to load ISO config, ex=System.IO.FileNotFoundException: Could not find file 'D:\Working\Projects\pTopup\sources\POS_Gateway\POS_GW_Console\EPAY_POS_GateWay\bin\Debug\POSConfig_ISOFile.xml'.
File name: 'D:\Working\Projects\pTopup\sources\POS_Gateway\POS_GW_Console\EPAY_POS_GateWay\bin\Debug\POSConfig_ISOFile.xml'
   at System.IO.__Error.WinIOError(Int32 errorCode, String maybeFullPath)
   at System.IO.FileStream.Init(String path, FileMode mode, FileAccess access, Int32 rights, Boolean useRights, FileShare share, Int32 bufferSize, FileOptions options, SECURITY_ATTRIBUTES secAttrs, String msgPath, Boolean bFromProxy)
   at System.IO.FileStream..ctor(String path, FileMode mode, FileAccess access, FileShare share, Int32 bufferSize)
   at System.Xml.XmlDownloadManager.GetStream(Uri uri, ICredentials credentials)
   at System.Xml.XmlUrlResolver.GetEntity(Uri absoluteUri, String role, Type ofObjectToReturn)
   at System.Xml.XmlTextReaderImpl.OpenUrlDelegate(Object xmlResolver)
   at System.Threading.CompressedStack.runTryCode(Object userData)
   at System.Runtime.CompilerServices.RuntimeHelpers.ExecuteCodeWithGuaranteedCleanup(TryCode code, CleanupCode backoutCode, Object userData)
   at System.Threading.CompressedStack.Run(CompressedStack compressedStack, ContextCallback callback, Object state)
   at System.Xml.XmlTextReaderImpl.OpenUrl()
   at System.Xml.XmlTextReaderImpl.Read()
   at System.Xml.XmlLoader.Load(XmlDocument doc, XmlReader reader, Boolean preserveWhitespace)
   at System.Xml.XmlDocument.Load(XmlReader reader)
   at System.Xml.XmlDocument.Load(String filename)
   at Solab.Iso8583.Parsing.ConfigParser.CreateFromFile(String filename)
   at EPAY_POS_GateWay.Server.Main(String[] args) in D:\Working\Projects\pTopup\sources\POS_Gateway\POS_GW_Console\EPAY_POS_GateWay\Program.cs:line 100
05:15:26:1526:PM Press [q] to exit!
